12:47:28:378 [ALWAYS]	GUDE Logging Started
12:47:28:379 [INFO]	SqliteResumeCache::SqliteResumeCache basedirectory is null/empty
12:47:28:379 [ERROR]	SqliteResumeCache::CreateSqliteResumeCache creating resume cache pointer failure
12:47:28:379 [ERROR]	Initialize resume cache pointer failure
12:47:28:379 [INFO]	gude policy POLICY_USER limit (2,2,1) chunk 2097152, chunking (UL 0 DL 1), resXfer 1, adapt 0, NSURL 0, timeout 86400 
12:47:28:380 [INFO]	Initialized -- gude-lib version: v0.12.1 app: gude
12:47:30:747 [WARN]	Ignoring attempt to reinit logging to \gude at level 4 retaining 3 days of logs
12:47:30:747 [INFO]	SqliteResumeCache::SqliteResumeCache basedirectory is null/empty
12:47:30:747 [ERROR]	SqliteResumeCache::CreateSqliteResumeCache creating resume cache pointer failure
12:47:30:747 [ERROR]	Initialize resume cache pointer failure
12:47:30:747 [INFO]	gude policy POLICY_USER limit (4,4,1) chunk 2097152, chunking (UL 0 DL 1), resXfer 1, adapt 0, NSURL 1, timeout 86400 
12:47:30:747 [INFO]	Initialized -- gude-lib version: v0.12.1 app: gude
13:03:58:116 [ALWAYS]	GUDE Logging Started
13:03:58:117 [INFO]	SqliteResumeCache::SqliteResumeCache basedirectory is null/empty
13:03:58:117 [ERROR]	SqliteResumeCache::CreateSqliteResumeCache creating resume cache pointer failure
13:03:58:117 [ERROR]	Initialize resume cache pointer failure
13:03:58:117 [INFO]	gude policy POLICY_USER limit (2,2,1) chunk 2097152, chunking (UL 0 DL 1), resXfer 1, adapt 0, NSURL 0, timeout 86400 
13:03:58:117 [INFO]	Initialized -- gude-lib version: v0.12.1 app: gude
13:03:59:798 [WARN]	Ignoring attempt to reinit logging to \gude at level 4 retaining 3 days of logs
13:03:59:798 [INFO]	SqliteResumeCache::SqliteResumeCache basedirectory is null/empty
13:03:59:798 [ERROR]	SqliteResumeCache::CreateSqliteResumeCache creating resume cache pointer failure
13:03:59:798 [ERROR]	Initialize resume cache pointer failure
13:03:59:798 [INFO]	gude policy POLICY_USER limit (4,4,1) chunk 2097152, chunking (UL 0 DL 1), resXfer 1, adapt 0, NSURL 1, timeout 86400 
13:03:59:798 [INFO]	Initialized -- gude-lib version: v0.12.1 app: gude
